<?xml version="1.0" encoding="UTF-8"?>
<!-- Generated by org.testng.reporters.JUnitReportReporter -->
<testsuite skipped="0" hostname="LAPTOP-9UO3FB82" name="TestBox.TestRemoveAllChackBox" tests="1" failures="0" timestamp="30 Jun 2020 06:36:05 GMT" time="6.742" errors="0">
  <testcase name="RemoveAllChackBox" time="6.742" classname="TestBox.TestRemoveAllChackBox"/>
</testsuite> <!-- TestBox.TestRemoveAllChackBox -->
