<?xml version="1.0" encoding="UTF-8"?>
<!-- Generated by org.testng.reporters.JUnitReportReporter -->
<testsuite skipped="0" hostname="LAPTOP-9UO3FB82" name="TestBox.TestChackAllChackBox" tests="1" failures="0" timestamp="30 Jun 2020 17:54:21 GMT" time="7.093" errors="0">
  <testcase name="ChackonAllChackBox" time="7.093" classname="TestBox.TestChackAllChackBox"/>
</testsuite> <!-- TestBox.TestChackAllChackBox -->
