<?xml version="1.0" encoding="UTF-8"?>
<!-- Generated by org.testng.reporters.JUnitReportReporter -->
<testsuite skipped="0" hostname="LAPTOP-9UO3FB82" name="TestBox.TestDuplicate" tests="1" failures="0" timestamp="30 Jun 2020 20:50:15 GMT" time="6.697" errors="0">
  <testcase name="DuplicatedCategory" time="6.697" classname="TestBox.TestDuplicate"/>
</testsuite> <!-- TestBox.TestDuplicate -->
