<?xml version="1.0" encoding="UTF-8"?>
<!-- Generated by org.testng.reporters.JUnitReportReporter -->
<testsuite skipped="0" hostname="LAPTOP-9UO3FB82" name="TestBox.TestChackBox" tests="1" failures="0" timestamp="30 Jun 2020 04:43:04 GMT" time="6.358" errors="0">
  <testcase name="AllCheckBoxeslistitemsarealsoCheckdOn" time="6.358" classname="TestBox.TestChackBox"/>
</testsuite> <!-- TestBox.TestChackBox -->
