<?xml version="1.0" encoding="UTF-8"?>
<!-- Generated by org.testng.reporters.JUnitReportReporter -->
<testsuite skipped="0" hostname="LAPTOP-9UO3FB82" name="TestBox.TestAddCategory" tests="1" failures="0" timestamp="30 Jun 2020 20:36:54 GMT" time="9.733" errors="0">
  <testcase name="ValidAddCategory" time="9.733" classname="TestBox.TestAddCategory"/>
</testsuite> <!-- TestBox.TestAddCategory -->
