<?xml version="1.0" encoding="UTF-8"?>
<!-- Generated by org.testng.reporters.JUnitReportReporter -->
<testsuite skipped="0" hostname="LAPTOP-9UO3FB82" name="TestBox.TestValidateDropDown" tests="1" failures="0" timestamp="01 Jul 2020 03:20:27 GMT" time="9.369" errors="0">
  <testcase name="ValidMonth" time="9.369" classname="TestBox.TestValidateDropDown"/>
</testsuite> <!-- TestBox.TestValidateDropDown -->
