<?xml version="1.0" encoding="UTF-8"?>
<!-- Generated by org.testng.reporters.JUnitReportReporter -->
<testsuite skipped="0" hostname="LAPTOP-9UO3FB82" name="TestBox.TestSingleChackBox" tests="1" failures="0" timestamp="30 Jun 2020 16:44:35 GMT" time="6.980" errors="0">
  <testcase name="ChackonSingleChackBox" time="6.980" classname="TestBox.TestSingleChackBox"/>
</testsuite> <!-- TestBox.TestSingleChackBox -->
